[13.04.2024 - 00:59:06]: POST - http://localhost:3110/api/checkAdmin
[13.04.2024 - 01:00:45]: GET - http://localhost:3110/api/testServerApi
[13.04.2024 - 01:00:45]: POST - http://localhost:3110/api/checkAdmin
[13.04.2024 - 01:00:45]: GET - http://localhost:3110/api/testServerApi
[13.04.2024 - 01:00:45]: POST - http://localhost:3110/api/checkAdmin
[13.04.2024 - 01:01:25]: POST - http://localhost:3110/api/checkAdmin
[13.04.2024 - 01:01:25]: POST - http://localhost:3110/api/checkAdmin
[13.04.2024 - 01:01:25]: GET - http://localhost:3110/api/testServerApi
[13.04.2024 - 01:01:25]: GET - http://localhost:3110/api/testServerApi
[13.04.2024 - 01:01:48]: POST - http://localhost:3110/api/checkAdmin
[13.04.2024 - 01:01:48]: POST - http://localhost:3110/api/checkAdmin
[13.04.2024 - 01:01:48]: GET - http://localhost:3110/api/testServerApi
[13.04.2024 - 01:01:48]: GET - http://localhost:3110/api/testServerApi
[13.04.2024 - 01:01:54]: POST - http://localhost:3110/api/checkAdmin
[13.04.2024 - 01:01:54]: POST - http://localhost:3110/api/checkAdmin
[13.04.2024 - 01:01:57]: POST - http://localhost:3110/api/checkAdmin
[13.04.2024 - 01:01:57]: POST - http://localhost:3110/api/checkAdmin
[13.04.2024 - 01:01:58]: POST - http://localhost:3110/api/checkAdmin
[13.04.2024 - 01:01:58]: POST - http://localhost:3110/api/dataExpEmployee
[13.04.2024 - 01:01:58]: POST - http://localhost:3110/api/checkAdmin
[13.04.2024 - 01:01:58]: POST - http://localhost:3110/api/dataExpEmployee
[13.04.2024 - 01:02:03]: POST - http://localhost:3110/api/checkAdmin
[13.04.2024 - 01:02:03]: POST - http://localhost:3110/api/dataExpEmployee
[13.04.2024 - 01:02:03]: POST - http://localhost:3110/api/checkAdmin
[13.04.2024 - 01:02:03]: POST - http://localhost:3110/api/dataExpEmployee
[13.04.2024 - 01:02:03]: GET - http://localhost:3110/api/dataExpEmployee/9
[13.04.2024 - 01:02:03]: GET - http://localhost:3110/api/testServerApi
[13.04.2024 - 01:02:03]: GET - http://localhost:3110/api/testServerApi
[13.04.2024 - 01:02:04]: POST - http://localhost:3110/api/updateWorkExperienceBody
[13.04.2024 - 01:02:04]: POST - http://localhost:3110/api/checkAdmin
[13.04.2024 - 01:02:04]: POST - http://localhost:3110/api/dataExpEmployee
[13.04.2024 - 01:02:04]: POST - http://localhost:3110/api/checkAdmin
[13.04.2024 - 01:02:04]: POST - http://localhost:3110/api/dataExpEmployee
[13.04.2024 - 01:02:04]: GET - http://localhost:3110/api/dataExpEmployee/9
[13.04.2024 - 01:02:04]: GET - http://localhost:3110/api/testServerApi
[13.04.2024 - 01:02:04]: GET - http://localhost:3110/api/testServerApi
[13.04.2024 - 01:02:15]: POST - http://localhost:3110/api/updateWorkExperienceBody
[13.04.2024 - 01:02:16]: POST - http://localhost:3110/api/checkAdmin
[13.04.2024 - 01:02:16]: POST - http://localhost:3110/api/dataExpEmployee
[13.04.2024 - 01:02:16]: POST - http://localhost:3110/api/checkAdmin
[13.04.2024 - 01:02:16]: GET - http://localhost:3110/api/dataExpEmployee/9
[13.04.2024 - 01:02:16]: POST - http://localhost:3110/api/dataExpEmployee
[13.04.2024 - 01:02:16]: GET - http://localhost:3110/api/testServerApi
[13.04.2024 - 01:02:16]: GET - http://localhost:3110/api/testServerApi
[13.04.2024 - 01:04:33]: POST - http://localhost:3110/api/checkAdmin
[13.04.2024 - 01:04:33]: POST - http://localhost:3110/api/checkAdmin
[13.04.2024 - 01:04:33]: GET - http://localhost:3110/api/testServerApi
[13.04.2024 - 01:04:33]: GET - http://localhost:3110/api/testServerApi
[13.04.2024 - 01:04:35]: POST - http://localhost:3110/api/checkAdmin
[13.04.2024 - 01:04:35]: POST - http://localhost:3110/api/checkAdmin
[13.04.2024 - 01:04:37]: POST - http://localhost:3110/api/checkAdmin
[13.04.2024 - 01:04:37]: POST - http://localhost:3110/api/checkAdmin
[13.04.2024 - 01:05:13]: POST - http://localhost:3110/api/checkAdmin
[13.04.2024 - 01:05:13]: POST - http://localhost:3110/api/checkAdmin
[13.04.2024 - 01:05:30]: POST - http://localhost:3110/api/checkAdmin
[13.04.2024 - 01:05:30]: GET - http://localhost:3110/api/testServerApi
[13.04.2024 - 01:05:30]: POST - http://localhost:3110/api/checkAdmin
[13.04.2024 - 01:05:30]: GET - http://localhost:3110/api/testServerApi
[13.04.2024 - 01:05:34]: POST - http://localhost:3110/api/checkAdmin
[13.04.2024 - 01:05:34]: POST - http://localhost:3110/api/checkAdmin
[13.04.2024 - 01:05:45]: POST - http://localhost:3110/api/checkAdmin
[13.04.2024 - 01:05:45]: POST - http://localhost:3110/api/checkAdmin
[13.04.2024 - 01:05:45]: GET - http://localhost:3110/api/testServerApi
[13.04.2024 - 01:05:45]: GET - http://localhost:3110/api/testServerApi
[13.04.2024 - 01:06:03]: POST - http://localhost:3110/api/checkAdmin
[13.04.2024 - 01:06:03]: POST - http://localhost:3110/api/checkAdmin
[13.04.2024 - 01:06:27]: POST - http://localhost:3110/api/checkAdmin
[13.04.2024 - 01:06:27]: POST - http://localhost:3110/api/checkAdmin
[13.04.2024 - 01:06:27]: GET - http://localhost:3110/api/testServerApi
[13.04.2024 - 01:06:27]: GET - http://localhost:3110/api/testServerApi
[13.04.2024 - 01:06:31]: POST - http://localhost:3110/api/checkAdmin
[13.04.2024 - 01:06:31]: POST - http://localhost:3110/api/checkAdmin
[13.04.2024 - 01:07:55]: GET - http://localhost:3110/api/testServerApi
[13.04.2024 - 01:07:57]: POST - http://localhost:3110/api/checkAdmin
[13.04.2024 - 01:07:57]: POST - http://localhost:3110/api/checkAdmin
[13.04.2024 - 01:07:57]: GET - http://localhost:3110/api/testServerApi
[13.04.2024 - 01:07:57]: GET - http://localhost:3110/api/testServerApi
[13.04.2024 - 01:08:11]: GET - http://localhost:3110/api/testServerApi
[13.04.2024 - 01:08:20]: GET - http://localhost:3110/api/testServerApi
[13.04.2024 - 01:08:49]: POST - http://localhost:3110/api/checkAdmin
[13.04.2024 - 01:08:49]: POST - http://localhost:3110/api/checkAdmin
[13.04.2024 - 01:08:49]: GET - http://localhost:3110/api/testServerApi
[13.04.2024 - 01:08:49]: GET - http://localhost:3110/api/testServerApi
[13.04.2024 - 01:09:07]: POST - http://localhost:3110/api/checkAdmin
[13.04.2024 - 01:09:07]: POST - http://localhost:3110/api/checkAdmin
[13.04.2024 - 01:09:07]: GET - http://localhost:3110/api/testServerApi
[13.04.2024 - 01:09:07]: GET - http://localhost:3110/api/testServerApi
[13.04.2024 - 01:09:44]: POST - http://localhost:3110/api/getUserInfo
[13.04.2024 - 01:09:44]: GET - http://localhost:3110/api/testServerApi
[13.04.2024 - 01:10:53]: POST - http://localhost:3110/api/getUserInfo
[13.04.2024 - 01:10:53]: POST - http://localhost:3110/api/getUserInfo
[13.04.2024 - 01:11:00]: POST - http://localhost:3110/api/getUserInfo
[13.04.2024 - 01:11:00]: POST - http://localhost:3110/api/getUserInfo
[13.04.2024 - 01:11:15]: GET - http://localhost:3110/api/testServerApi
[13.04.2024 - 01:11:15]: POST - http://localhost:3110/api/getUserInfo
[13.04.2024 - 01:11:15]: POST - http://localhost:3110/api/getUserInfo
[13.04.2024 - 01:12:17]: POST - http://localhost:3110/api/getUserInfo
[13.04.2024 - 01:12:17]: POST - http://localhost:3110/api/getUserInfo
[13.04.2024 - 01:13:20]: GET - http://localhost:3110/api/testServerApi
[13.04.2024 - 01:13:20]: POST - http://localhost:3110/api/getUserInfo
[13.04.2024 - 01:13:20]: POST - http://localhost:3110/api/getUserInfo
[13.04.2024 - 01:13:40]: POST - http://localhost:3110/api/getUserInfo
[13.04.2024 - 01:13:40]: POST - http://localhost:3110/api/getUserInfo
[13.04.2024 - 01:14:59]: POST - http://localhost:3110/api/getUserInfo
[13.04.2024 - 01:14:59]: POST - http://localhost:3110/api/getUserInfo
[13.04.2024 - 01:14:59]: GET - http://localhost:3110/api/testServerApi
[13.04.2024 - 01:14:59]: GET - http://localhost:3110/api/testServerApi
[13.04.2024 - 01:15:01]: POST - http://localhost:3110/api/login
[13.04.2024 - 01:15:03]: POST - http://localhost:3110/api/checkAdmin
[13.04.2024 - 01:15:03]: POST - http://localhost:3110/api/getUserInfo
[13.04.2024 - 01:15:03]: POST - http://localhost:3110/api/checkAdmin
[13.04.2024 - 01:15:03]: POST - http://localhost:3110/api/getUserInfo
[13.04.2024 - 01:15:03]: GET - http://localhost:3110/api/testServerApi
[13.04.2024 - 01:15:03]: GET - http://localhost:3110/api/testServerApi
[13.04.2024 - 01:15:51]: POST - http://localhost:3110/api/getUserInfo
[13.04.2024 - 01:15:51]: POST - http://localhost:3110/api/getUserInfo
[13.04.2024 - 01:17:49]: POST - http://localhost:3110/api/getUserInfo
[13.04.2024 - 01:17:49]: POST - http://localhost:3110/api/getUserInfo
[13.04.2024 - 01:17:49]: GET - http://localhost:3110/api/testServerApi
[13.04.2024 - 01:17:49]: GET - http://localhost:3110/api/testServerApi
[13.04.2024 - 01:17:50]: POST - http://localhost:3110/api/login
[13.04.2024 - 01:17:52]: POST - http://localhost:3110/api/checkAdmin
[13.04.2024 - 01:17:52]: POST - http://localhost:3110/api/getUserInfo
[13.04.2024 - 01:17:52]: POST - http://localhost:3110/api/checkAdmin
[13.04.2024 - 01:17:52]: POST - http://localhost:3110/api/getUserInfo
[13.04.2024 - 01:17:52]: GET - http://localhost:3110/api/testServerApi
[13.04.2024 - 01:17:52]: GET - http://localhost:3110/api/testServerApi
[13.04.2024 - 01:18:14]: POST - http://localhost:3110/api/getUserInfo
[13.04.2024 - 01:18:14]: POST - http://localhost:3110/api/getUserInfo
[13.04.2024 - 01:18:14]: GET - http://localhost:3110/api/testServerApi
[13.04.2024 - 01:18:14]: GET - http://localhost:3110/api/testServerApi
[13.04.2024 - 01:18:15]: POST - http://localhost:3110/api/login
[13.04.2024 - 01:18:16]: POST - http://localhost:3110/api/checkAdmin
[13.04.2024 - 01:18:17]: POST - http://localhost:3110/api/getUserInfo
[13.04.2024 - 01:18:17]: POST - http://localhost:3110/api/checkAdmin
[13.04.2024 - 01:18:17]: POST - http://localhost:3110/api/getUserInfo
[13.04.2024 - 01:18:17]: GET - http://localhost:3110/api/testServerApi
[13.04.2024 - 01:18:17]: GET - http://localhost:3110/api/testServerApi
[13.04.2024 - 01:18:44]: POST - http://localhost:3110/api/getUserInfo
[13.04.2024 - 01:18:44]: POST - http://localhost:3110/api/getUserInfo
[13.04.2024 - 01:18:44]: GET - http://localhost:3110/api/testServerApi
[13.04.2024 - 01:18:44]: GET - http://localhost:3110/api/testServerApi
[13.04.2024 - 01:18:46]: POST - http://localhost:3110/api/login
[13.04.2024 - 01:18:48]: POST - http://localhost:3110/api/checkAdmin
[13.04.2024 - 01:18:48]: POST - http://localhost:3110/api/getUserInfo
[13.04.2024 - 01:18:48]: POST - http://localhost:3110/api/checkAdmin
[13.04.2024 - 01:18:48]: POST - http://localhost:3110/api/getUserInfo
[13.04.2024 - 01:18:48]: GET - http://localhost:3110/api/testServerApi
[13.04.2024 - 01:18:48]: GET - http://localhost:3110/api/testServerApi
[13.04.2024 - 01:19:04]: POST - http://localhost:3110/api/getUserInfo
[13.04.2024 - 01:19:04]: POST - http://localhost:3110/api/getUserInfo
[13.04.2024 - 01:19:04]: GET - http://localhost:3110/api/testServerApi
[13.04.2024 - 01:19:04]: GET - http://localhost:3110/api/testServerApi
[13.04.2024 - 01:19:05]: POST - http://localhost:3110/api/login
[13.04.2024 - 01:19:07]: POST - http://localhost:3110/api/checkAdmin
[13.04.2024 - 01:19:07]: POST - http://localhost:3110/api/getUserInfo
[13.04.2024 - 01:19:07]: GET - http://localhost:3110/api/testServerApi
[13.04.2024 - 01:19:07]: POST - http://localhost:3110/api/checkAdmin
[13.04.2024 - 01:19:07]: POST - http://localhost:3110/api/getUserInfo
[13.04.2024 - 01:19:07]: GET - http://localhost:3110/api/testServerApi
[13.04.2024 - 01:20:58]: POST - http://localhost:3110/api/getUserInfo
[13.04.2024 - 01:20:58]: POST - http://localhost:3110/api/getUserInfo
[13.04.2024 - 01:21:09]: POST - http://localhost:3110/api/getUserInfo
[13.04.2024 - 01:21:19]: POST - http://localhost:3110/api/getUserInfo
[13.04.2024 - 01:21:19]: POST - http://localhost:3110/api/getUserInfo
[13.04.2024 - 01:21:19]: GET - http://localhost:3110/api/testServerApi
[13.04.2024 - 01:21:19]: GET - http://localhost:3110/api/testServerApi
[13.04.2024 - 01:21:20]: POST - http://localhost:3110/api/login
[13.04.2024 - 01:21:22]: POST - http://localhost:3110/api/checkAdmin
[13.04.2024 - 01:21:22]: POST - http://localhost:3110/api/getUserInfo
[13.04.2024 - 01:21:22]: POST - http://localhost:3110/api/checkAdmin
[13.04.2024 - 01:21:22]: GET - http://localhost:3110/api/testServerApi
[13.04.2024 - 01:21:22]: POST - http://localhost:3110/api/getUserInfo
[13.04.2024 - 01:21:22]: GET - http://localhost:3110/api/testServerApi
[13.04.2024 - 01:23:06]: POST - http://localhost:3110/api/getUserInfo
[13.04.2024 - 01:23:06]: POST - http://localhost:3110/api/getUserInfo
[13.04.2024 - 01:23:06]: GET - http://localhost:3110/api/testServerApi
[13.04.2024 - 01:23:06]: GET - http://localhost:3110/api/testServerApi
[13.04.2024 - 01:23:07]: POST - http://localhost:3110/api/login
[13.04.2024 - 01:23:09]: POST - http://localhost:3110/api/checkAdmin
[13.04.2024 - 01:23:09]: GET - http://localhost:3110/api/testServerApi
[13.04.2024 - 01:23:09]: POST - http://localhost:3110/api/getUserInfo
[13.04.2024 - 01:23:09]: POST - http://localhost:3110/api/checkAdmin
[13.04.2024 - 01:23:09]: POST - http://localhost:3110/api/getUserInfo
[13.04.2024 - 01:23:09]: GET - http://localhost:3110/api/testServerApi
[13.04.2024 - 01:23:11]: POST - http://localhost:3110/api/checkAdmin
[13.04.2024 - 01:23:11]: POST - http://localhost:3110/api/checkAdmin
[13.04.2024 - 01:23:13]: POST - http://localhost:3110/api/checkAdmin
[13.04.2024 - 01:23:13]: POST - http://localhost:3110/api/checkAdmin
[13.04.2024 - 01:23:13]: POST - http://localhost:3110/api/checkAdmin
[13.04.2024 - 01:23:13]: POST - http://localhost:3110/api/dataExpEmployee
[13.04.2024 - 01:23:13]: POST - http://localhost:3110/api/checkAdmin
[13.04.2024 - 01:23:13]: POST - http://localhost:3110/api/dataExpEmployee
[13.04.2024 - 01:23:14]: POST - http://localhost:3110/api/checkAdmin
[13.04.2024 - 01:23:14]: POST - http://localhost:3110/api/checkAdmin
[13.04.2024 - 01:23:15]: POST - http://localhost:3110/api/checkAdmin
[13.04.2024 - 01:23:15]: POST - http://localhost:3110/api/dataInvalids
[13.04.2024 - 01:23:15]: POST - http://localhost:3110/api/checkAdmin
[13.04.2024 - 01:23:15]: POST - http://localhost:3110/api/dataInvalids
[13.04.2024 - 01:23:16]: POST - http://localhost:3110/api/checkAdmin
[13.04.2024 - 01:23:16]: POST - http://localhost:3110/api/checkAdmin
[13.04.2024 - 01:23:18]: POST - http://localhost:3110/api/checkAdmin
[13.04.2024 - 01:23:18]: POST - http://localhost:3110/api/contingent
[13.04.2024 - 01:23:18]: POST - http://localhost:3110/api/checkAdmin
[13.04.2024 - 01:23:18]: POST - http://localhost:3110/api/contingent
[13.04.2024 - 01:23:19]: POST - http://localhost:3110/api/checkAdmin
[13.04.2024 - 01:23:19]: POST - http://localhost:3110/api/checkAdmin
[13.04.2024 - 01:23:20]: POST - http://localhost:3110/api/checkAdmin
[13.04.2024 - 01:23:20]: POST - http://localhost:3110/api/dataExpEmployee
[13.04.2024 - 01:23:20]: POST - http://localhost:3110/api/checkAdmin
[13.04.2024 - 01:23:20]: POST - http://localhost:3110/api/dataExpEmployee
[13.04.2024 - 01:23:21]: POST - http://localhost:3110/api/checkAdmin
[13.04.2024 - 01:23:21]: POST - http://localhost:3110/api/checkAdmin
[13.04.2024 - 01:24:51]: POST - http://localhost:3110/api/checkAdmin
[13.04.2024 - 01:24:51]: POST - http://localhost:3110/api/dataExpEmployee
[13.04.2024 - 01:24:51]: POST - http://localhost:3110/api/checkAdmin
[13.04.2024 - 01:24:51]: POST - http://localhost:3110/api/dataExpEmployee
[13.04.2024 - 01:24:52]: POST - http://localhost:3110/api/checkAdmin
[13.04.2024 - 01:24:52]: POST - http://localhost:3110/api/checkAdmin
[13.04.2024 - 01:24:53]: POST - http://localhost:3110/api/checkAdmin
[13.04.2024 - 01:24:53]: POST - http://localhost:3110/api/dataInvalids
[13.04.2024 - 01:24:53]: POST - http://localhost:3110/api/checkAdmin
[13.04.2024 - 01:24:53]: POST - http://localhost:3110/api/dataInvalids
[13.04.2024 - 01:24:54]: POST - http://localhost:3110/api/checkAdmin
[13.04.2024 - 01:24:54]: POST - http://localhost:3110/api/checkAdmin
[13.04.2024 - 01:24:56]: POST - http://localhost:3110/api/checkAdmin
[13.04.2024 - 01:24:56]: POST - http://localhost:3110/api/getUserInfo
[13.04.2024 - 01:24:56]: POST - http://localhost:3110/api/checkAdmin
[13.04.2024 - 01:24:56]: POST - http://localhost:3110/api/getUserInfo
[13.04.2024 - 01:24:56]: GET - http://localhost:3110/api/testServerApi
[13.04.2024 - 01:24:56]: GET - http://localhost:3110/api/testServerApi
[13.04.2024 - 01:24:57]: POST - http://localhost:3110/api/checkAdmin
[13.04.2024 - 01:24:57]: POST - http://localhost:3110/api/checkAdmin
[13.04.2024 - 01:25:00]: POST - http://localhost:3110/api/checkAdmin
[13.04.2024 - 01:25:00]: POST - http://localhost:3110/api/getUserInfo
[13.04.2024 - 01:25:00]: POST - http://localhost:3110/api/checkAdmin
[13.04.2024 - 01:25:00]: POST - http://localhost:3110/api/getUserInfo
[13.04.2024 - 01:25:00]: GET - http://localhost:3110/api/testServerApi
[13.04.2024 - 01:25:00]: GET - http://localhost:3110/api/testServerApi
[13.04.2024 - 01:25:02]: POST - http://localhost:3110/api/checkAdmin
[13.04.2024 - 01:25:02]: POST - http://localhost:3110/api/checkAdmin
[13.04.2024 - 01:25:04]: POST - http://localhost:3110/api/checkAdmin
[13.04.2024 - 01:25:04]: POST - http://localhost:3110/api/checkAdmin
[13.04.2024 - 01:25:05]: POST - http://localhost:3110/api/checkAdmin
[13.04.2024 - 01:25:05]: POST - http://localhost:3110/api/dataExpEmployee
[13.04.2024 - 01:25:05]: POST - http://localhost:3110/api/checkAdmin
[13.04.2024 - 01:25:05]: POST - http://localhost:3110/api/dataExpEmployee
[13.04.2024 - 01:25:08]: POST - http://localhost:3110/api/checkAdmin
[13.04.2024 - 01:25:08]: POST - http://localhost:3110/api/checkAdmin
[13.04.2024 - 01:25:09]: POST - http://localhost:3110/api/checkAdmin
[13.04.2024 - 01:25:09]: POST - http://localhost:3110/api/checkAdmin
[13.04.2024 - 01:25:10]: POST - http://localhost:3110/api/checkAdmin
[13.04.2024 - 01:25:10]: GET - http://localhost:3110/api/testServerApi
[13.04.2024 - 01:25:10]: POST - http://localhost:3110/api/getUserInfo
[13.04.2024 - 01:25:10]: POST - http://localhost:3110/api/checkAdmin
[13.04.2024 - 01:25:10]: POST - http://localhost:3110/api/getUserInfo
[13.04.2024 - 01:25:10]: GET - http://localhost:3110/api/testServerApi
[13.04.2024 - 01:25:11]: POST - http://localhost:3110/api/checkAdmin
[13.04.2024 - 01:25:11]: POST - http://localhost:3110/api/checkAdmin
[13.04.2024 - 01:25:12]: POST - http://localhost:3110/api/checkAdmin
[13.04.2024 - 01:25:12]: POST - http://localhost:3110/api/dataExpEmployee
[13.04.2024 - 01:25:12]: POST - http://localhost:3110/api/checkAdmin
[13.04.2024 - 01:25:12]: POST - http://localhost:3110/api/dataExpEmployee
[13.04.2024 - 01:25:15]: POST - http://localhost:3110/api/checkAdmin
[13.04.2024 - 01:25:15]: POST - http://localhost:3110/api/checkAdmin
[13.04.2024 - 01:25:16]: POST - http://localhost:3110/api/checkAdmin
[13.04.2024 - 01:25:16]: POST - http://localhost:3110/api/checkAdmin
[13.04.2024 - 01:25:17]: POST - http://localhost:3110/api/checkAdmin
[13.04.2024 - 01:25:17]: POST - http://localhost:3110/api/checkAdmin
[13.04.2024 - 01:25:18]: POST - http://localhost:3110/api/checkAdmin
[13.04.2024 - 01:25:18]: POST - http://localhost:3110/api/dataInvalids
[13.04.2024 - 01:25:18]: POST - http://localhost:3110/api/checkAdmin
[13.04.2024 - 01:25:18]: POST - http://localhost:3110/api/dataInvalids
[13.04.2024 - 01:25:19]: POST - http://localhost:3110/api/checkAdmin
[13.04.2024 - 01:25:19]: POST - http://localhost:3110/api/checkAdmin
[13.04.2024 - 01:25:20]: POST - http://localhost:3110/api/checkAdmin
[13.04.2024 - 01:25:20]: POST - http://localhost:3110/api/contingent
[13.04.2024 - 01:25:20]: POST - http://localhost:3110/api/checkAdmin
[13.04.2024 - 01:25:20]: POST - http://localhost:3110/api/contingent
[13.04.2024 - 01:25:21]: POST - http://localhost:3110/api/checkAdmin
[13.04.2024 - 01:25:21]: POST - http://localhost:3110/api/checkAdmin
[13.04.2024 - 01:25:21]: POST - http://localhost:3110/api/checkAdmin
[13.04.2024 - 01:25:21]: POST - http://localhost:3110/api/checkAdmin
[13.04.2024 - 01:25:23]: POST - http://localhost:3110/api/checkAdmin
[13.04.2024 - 01:25:23]: POST - http://localhost:3110/api/checkAdmin
[13.04.2024 - 01:25:24]: POST - http://localhost:3110/api/checkAdmin
[13.04.2024 - 01:25:24]: POST - http://localhost:3110/api/contingent
[13.04.2024 - 01:25:24]: POST - http://localhost:3110/api/checkAdmin
[13.04.2024 - 01:25:24]: POST - http://localhost:3110/api/contingent
[13.04.2024 - 01:25:27]: POST - http://localhost:3110/api/checkAdmin
[13.04.2024 - 01:25:27]: POST - http://localhost:3110/api/checkAdmin
[13.04.2024 - 01:25:28]: POST - http://localhost:3110/api/checkAdmin
[13.04.2024 - 01:25:28]: POST - http://localhost:3110/api/dataExpEmployee
[13.04.2024 - 01:25:28]: POST - http://localhost:3110/api/checkAdmin
[13.04.2024 - 01:25:28]: POST - http://localhost:3110/api/dataExpEmployee
[13.04.2024 - 01:26:19]: POST - http://localhost:3110/api/checkAdmin
[13.04.2024 - 01:26:19]: POST - http://localhost:3110/api/dataExpEmployee
[13.04.2024 - 01:26:19]: POST - http://localhost:3110/api/getUserInfo
[13.04.2024 - 01:26:19]: POST - http://localhost:3110/api/checkAdmin
[13.04.2024 - 01:26:19]: POST - http://localhost:3110/api/dataExpEmployee
[13.04.2024 - 01:26:19]: POST - http://localhost:3110/api/getUserInfo
[13.04.2024 - 01:26:19]: GET - http://localhost:3110/api/dataExpEmployee/9
[13.04.2024 - 01:26:19]: GET - http://localhost:3110/api/testServerApi
[13.04.2024 - 01:26:19]: GET - http://localhost:3110/api/testServerApi
[13.04.2024 - 01:26:33]: POST - http://localhost:3110/api/checkAdmin
[13.04.2024 - 01:26:33]: POST - http://localhost:3110/api/getUserInfo
[13.04.2024 - 01:26:33]: POST - http://localhost:3110/api/checkAdmin
[13.04.2024 - 01:26:33]: POST - http://localhost:3110/api/getUserInfo
[13.04.2024 - 01:26:33]: GET - http://localhost:3110/api/testServerApi
[13.04.2024 - 01:26:33]: GET - http://localhost:3110/api/testServerApi
[13.04.2024 - 01:26:51]: POST - http://localhost:3110/api/checkAdmin
[13.04.2024 - 01:26:51]: POST - http://localhost:3110/api/dataExpEmployee
[13.04.2024 - 01:26:51]: POST - http://localhost:3110/api/checkAdmin
[13.04.2024 - 01:26:51]: POST - http://localhost:3110/api/dataExpEmployee
[13.04.2024 - 01:27:07]: POST - http://localhost:3110/api/checkAdmin
[13.04.2024 - 01:27:07]: POST - http://localhost:3110/api/checkAdmin
[13.04.2024 - 01:28:49]: POST - http://localhost:3110/api/checkAdmin
[13.04.2024 - 01:28:49]: POST - http://localhost:3110/api/dataExpEmployee
[13.04.2024 - 01:28:49]: POST - http://localhost:3110/api/checkAdmin
[13.04.2024 - 01:28:49]: POST - http://localhost:3110/api/dataExpEmployee
[13.04.2024 - 01:28:55]: POST - http://localhost:3110/api/checkAdmin
[13.04.2024 - 01:28:55]: POST - http://localhost:3110/api/getUserInfo
[13.04.2024 - 01:28:55]: POST - http://localhost:3110/api/checkAdmin
[13.04.2024 - 01:28:55]: POST - http://localhost:3110/api/getUserInfo
[13.04.2024 - 01:28:55]: GET - http://localhost:3110/api/testServerApi
[13.04.2024 - 01:28:55]: GET - http://localhost:3110/api/testServerApi
[13.04.2024 - 01:28:57]: POST - http://localhost:3110/api/checkAdmin
[13.04.2024 - 01:28:57]: POST - http://localhost:3110/api/checkAdmin
[13.04.2024 - 01:29:09]: POST - http://localhost:3110/api/checkAdmin
[13.04.2024 - 01:29:09]: POST - http://localhost:3110/api/getUserInfo
[13.04.2024 - 01:29:09]: POST - http://localhost:3110/api/checkAdmin
[13.04.2024 - 01:29:09]: POST - http://localhost:3110/api/getUserInfo
[13.04.2024 - 01:29:09]: GET - http://localhost:3110/api/testServerApi
[13.04.2024 - 01:29:09]: GET - http://localhost:3110/api/testServerApi
[13.04.2024 - 01:29:10]: POST - http://localhost:3110/api/checkAdmin
[13.04.2024 - 01:29:10]: POST - http://localhost:3110/api/checkAdmin
[13.04.2024 - 01:31:46]: POST - http://localhost:3110/api/getUserInfo
[13.04.2024 - 01:32:12]: POST - http://localhost:3110/api/getUserInfo
[13.04.2024 - 01:32:24]: POST - http://localhost:3110/api/getUserInfo
[13.04.2024 - 01:32:24]: POST - http://localhost:3110/api/getUserInfo
[13.04.2024 - 01:32:39]: POST - http://localhost:3110/api/getUserInfo
[13.04.2024 - 01:32:52]: GET - http://localhost:3110/api/testServerApi
[13.04.2024 - 01:32:52]: POST - http://localhost:3110/api/getUserInfo
[13.04.2024 - 01:32:52]: POST - http://localhost:3110/api/getUserInfo
[13.04.2024 - 01:33:19]: POST - http://localhost:3110/api/getUserInfo
[13.04.2024 - 01:33:19]: POST - http://localhost:3110/api/getUserInfo
[13.04.2024 - 01:33:19]: GET - http://localhost:3110/api/testServerApi
[13.04.2024 - 01:33:40]: POST - http://localhost:3110/api/getUserInfo
[13.04.2024 - 01:33:40]: POST - http://localhost:3110/api/getUserInfo
[13.04.2024 - 01:34:59]: POST - http://localhost:3110/api/getUserInfo
[13.04.2024 - 01:34:59]: GET - http://localhost:3110/api/testServerApi
[13.04.2024 - 01:34:59]: POST - http://localhost:3110/api/getUserInfo
[13.04.2024 - 01:35:26]: POST - http://localhost:3110/api/getUserInfo
[13.04.2024 - 01:35:26]: POST - http://localhost:3110/api/getUserInfo
[13.04.2024 - 01:35:42]: POST - http://localhost:3110/api/getUserInfo
[13.04.2024 - 01:36:39]: POST - http://localhost:3110/api/getUserInfo
[13.04.2024 - 01:37:57]: POST - http://localhost:3110/api/getUserInfo
[13.04.2024 - 01:37:57]: POST - http://localhost:3110/api/getUserInfo
[13.04.2024 - 12:15:19]: POST - http://localhost:3110/api/getUserInfo
[13.04.2024 - 12:15:19]: POST - http://localhost:3110/api/getUserInfo
[13.04.2024 - 12:15:19]: GET - http://localhost:3110/api/testServerApi
[13.04.2024 - 12:15:19]: GET - http://localhost:3110/api/testServerApi
[13.04.2024 - 12:39:16]: POST - http://localhost:3110/api/getUserInfo
[13.04.2024 - 12:39:16]: POST - http://localhost:3110/api/getUserInfo
[13.04.2024 - 12:39:16]: GET - http://localhost:3110/api/testServerApi
[13.04.2024 - 12:41:13]: GET - http://localhost:3110/api/testServerApi
[13.04.2024 - 12:41:16]: GET - http://localhost:3110/api/testServerApi
[13.04.2024 - 12:41:16]: GET - http://localhost:3110/api/testServerApi
[13.04.2024 - 12:41:56]: GET - http://localhost:3110/api/testServerApi
[13.04.2024 - 12:41:56]: GET - http://localhost:3110/api/testServerApi
[13.04.2024 - 12:42:07]: GET - http://localhost:3110/api/testServerApi
[13.04.2024 - 12:42:07]: GET - http://localhost:3110/api/testServerApi
[13.04.2024 - 12:42:29]: GET - http://localhost:3110/api/testServerApi
[13.04.2024 - 12:42:29]: GET - http://localhost:3110/api/testServerApi
[13.04.2024 - 12:42:30]: GET - http://localhost:3110/api/testServerApi
[13.04.2024 - 12:42:30]: GET - http://localhost:3110/api/testServerApi
пися вкусная Дарины на завтрак а на ужин? а на ужин рука[13.04.2024 - 12:51:24]: GET - http://localhost:3110/api/testServerApi
[13.04.2024 - 12:51:24]: GET - http://localhost:3110/api/testServerApi
[13.04.2024 - 12:51:29]: POST - http://localhost:3110/api/login
[13.04.2024 - 12:51:30]: POST - http://localhost:3110/api/checkAdmin
[13.04.2024 - 12:51:30]: POST - http://localhost:3110/api/getUserInfo
[13.04.2024 - 12:51:30]: POST - http://localhost:3110/api/checkAdmin
[13.04.2024 - 12:51:30]: POST - http://localhost:3110/api/getUserInfo
[13.04.2024 - 12:51:30]: GET - http://localhost:3110/api/testServerApi
[13.04.2024 - 12:51:30]: GET - http://localhost:3110/api/testServerApi
[13.04.2024 - 12:51:31]: POST - http://localhost:3110/api/checkAdmin
[13.04.2024 - 12:51:31]: POST - http://localhost:3110/api/dataExpEmployee
[13.04.2024 - 12:51:31]: POST - http://localhost:3110/api/checkAdmin
[13.04.2024 - 12:51:31]: POST - http://localhost:3110/api/dataExpEmployee
[13.04.2024 - 12:51:35]: POST - http://localhost:3110/api/checkAdmin
[13.04.2024 - 12:51:35]: POST - http://localhost:3110/api/dataExpEmployee
[13.04.2024 - 12:51:35]: POST - http://localhost:3110/api/getUserInfo
[13.04.2024 - 12:51:35]: POST - http://localhost:3110/api/checkAdmin
[13.04.2024 - 12:51:35]: POST - http://localhost:3110/api/dataExpEmployee
[13.04.2024 - 12:51:35]: POST - http://localhost:3110/api/getUserInfo
[13.04.2024 - 12:51:35]: GET - http://localhost:3110/api/dataExpEmployee/9
[13.04.2024 - 12:51:35]: GET - http://localhost:3110/api/testServerApi
[13.04.2024 - 12:51:35]: GET - http://localhost:3110/api/testServerApi
[13.04.2024 - 12:51:40]: POST - http://localhost:3110/api/checkAdmin
[13.04.2024 - 12:51:40]: POST - http://localhost:3110/api/dataExpEmployee
[13.04.2024 - 12:51:40]: POST - http://localhost:3110/api/getUserInfo
[13.04.2024 - 12:51:40]: POST - http://localhost:3110/api/checkAdmin
[13.04.2024 - 12:51:40]: POST - http://localhost:3110/api/dataExpEmployee
[13.04.2024 - 12:51:40]: POST - http://localhost:3110/api/getUserInfo
[13.04.2024 - 12:51:40]: GET - http://localhost:3110/api/testServerApi
[13.04.2024 - 12:51:40]: GET - http://localhost:3110/api/testServerApi
[13.04.2024 - 12:51:42]: POST - http://localhost:3110/api/checkAdmin
[13.04.2024 - 12:51:42]: POST - http://localhost:3110/api/dataExpEmployee
[13.04.2024 - 12:51:42]: POST - http://localhost:3110/api/getUserInfo
[13.04.2024 - 12:51:42]: POST - http://localhost:3110/api/checkAdmin
[13.04.2024 - 12:51:42]: POST - http://localhost:3110/api/dataExpEmployee
[13.04.2024 - 12:51:42]: GET - http://localhost:3110/api/dataExpEmployee/9
[13.04.2024 - 12:51:42]: GET - http://localhost:3110/api/testServerApi
[13.04.2024 - 12:51:42]: POST - http://localhost:3110/api/getUserInfo
[13.04.2024 - 12:51:42]: GET - http://localhost:3110/api/testServerApi
[13.04.2024 - 12:51:44]: POST - http://localhost:3110/api/checkAdmin
[13.04.2024 - 12:51:44]: POST - http://localhost:3110/api/getUserInfo
[13.04.2024 - 12:51:44]: POST - http://localhost:3110/api/checkAdmin
[13.04.2024 - 12:51:44]: POST - http://localhost:3110/api/getUserInfo
[13.04.2024 - 12:51:44]: GET - http://localhost:3110/api/testServerApi
[13.04.2024 - 12:51:44]: GET - http://localhost:3110/api/testServerApi
[13.04.2024 - 12:51:46]: POST - http://localhost:3110/api/checkAdmin
[13.04.2024 - 12:51:46]: POST - http://localhost:3110/api/checkAdmin
[13.04.2024 - 12:51:49]: POST - http://localhost:3110/api/checkAdmin
[13.04.2024 - 12:51:49]: POST - http://localhost:3110/api/dataExpEmployee
[13.04.2024 - 12:51:49]: POST - http://localhost:3110/api/checkAdmin
[13.04.2024 - 12:51:49]: POST - http://localhost:3110/api/dataExpEmployee
[13.04.2024 - 12:51:53]: POST - http://localhost:3110/api/checkAdmin
[13.04.2024 - 12:51:53]: POST - http://localhost:3110/api/dataExpEmployee
[13.04.2024 - 12:51:53]: POST - http://localhost:3110/api/getUserInfo
[13.04.2024 - 12:51:53]: POST - http://localhost:3110/api/checkAdmin
[13.04.2024 - 12:51:53]: POST - http://localhost:3110/api/dataExpEmployee
[13.04.2024 - 12:51:53]: GET - http://localhost:3110/api/testServerApi
[13.04.2024 - 12:51:53]: POST - http://localhost:3110/api/getUserInfo
[13.04.2024 - 12:51:53]: GET - http://localhost:3110/api/testServerApi
[13.04.2024 - 12:51:55]: POST - http://localhost:3110/api/addWorkExperience
[13.04.2024 - 12:51:55]: POST - http://localhost:3110/api/checkAdmin
[13.04.2024 - 12:51:55]: POST - http://localhost:3110/api/dataExpEmployee
[13.04.2024 - 12:51:55]: POST - http://localhost:3110/api/getUserInfo
[13.04.2024 - 12:51:55]: POST - http://localhost:3110/api/checkAdmin
[13.04.2024 - 12:51:55]: POST - http://localhost:3110/api/dataExpEmployee
[13.04.2024 - 12:51:55]: GET - http://localhost:3110/api/dataExpEmployee/12
[13.04.2024 - 12:51:55]: GET - http://localhost:3110/api/testServerApi
[13.04.2024 - 12:51:55]: POST - http://localhost:3110/api/getUserInfo
[13.04.2024 - 12:51:55]: GET - http://localhost:3110/api/testServerApi
[13.04.2024 - 12:51:59]: POST - http://localhost:3110/api/checkAdmin
[13.04.2024 - 12:51:59]: POST - http://localhost:3110/api/dataExpEmployee
[13.04.2024 - 12:51:59]: POST - http://localhost:3110/api/getUserInfo
[13.04.2024 - 12:51:59]: POST - http://localhost:3110/api/checkAdmin
[13.04.2024 - 12:51:59]: POST - http://localhost:3110/api/dataExpEmployee
[13.04.2024 - 12:51:59]: POST - http://localhost:3110/api/getUserInfo
[13.04.2024 - 12:51:59]: GET - http://localhost:3110/api/testServerApi
[13.04.2024 - 12:51:59]: GET - http://localhost:3110/api/testServerApi
[13.04.2024 - 12:51:59]: POST - http://localhost:3110/api/checkAdmin
[13.04.2024 - 12:51:59]: POST - http://localhost:3110/api/checkAdmin
[13.04.2024 - 12:52:10]: GET - http://localhost:3110/api/testServerApi
[13.04.2024 - 12:52:10]: GET - http://localhost:3110/api/testServerApi
[13.04.2024 - 12:52:14]: POST - http://localhost:3110/api/login
[13.04.2024 - 12:52:15]: POST - http://localhost:3110/api/checkAdmin
[13.04.2024 - 12:52:15]: POST - http://localhost:3110/api/getUserInfo
[13.04.2024 - 12:52:15]: POST - http://localhost:3110/api/checkAdmin
[13.04.2024 - 12:52:15]: POST - http://localhost:3110/api/getUserInfo
[13.04.2024 - 12:54:47]: GET - http://localhost:3110/api/testServerApi
[13.04.2024 - 12:54:48]: GET - http://localhost:3110/favicon.ico
[13.04.2024 - 12:55:04]: GET - http://localhost:3110/api/testServerApi
[13.04.2024 - 12:55:39]: GET - http://localhost:3110/api/testServerApi
[13.04.2024 - 12:55:39]: GET - http://localhost:3110/api/testServerApi
[13.04.2024 - 13:07:14]: GET - http://localhost:3110/api/get/regions
[13.04.2024 - 13:07:14]: GET - http://localhost:3110/api/testServerApi
[13.04.2024 - 13:07:14]: GET - http://localhost:3110/api/testServerApi
[13.04.2024 - 13:07:14]: GET - http://localhost:3110/api/get/regions
[13.04.2024 - 13:07:19]: GET - http://localhost:3110/api/get/cities/43
[13.04.2024 - 13:08:59]: GET - http://localhost:3110/api/get/cities/30
[13.04.2024 - 13:09:02]: GET - http://localhost:3110/api/get/cities/43
[13.04.2024 - 13:09:42]: GET - http://localhost:3110/api/testServerApi
[13.04.2024 - 13:09:42]: GET - http://localhost:3110/api/testServerApi
[13.04.2024 - 13:11:01]: GET - http://localhost:3110/api/get/regions
[13.04.2024 - 13:11:01]: GET - http://localhost:3110/api/testServerApi
[13.04.2024 - 13:11:01]: GET - http://localhost:3110/api/get/regions
[13.04.2024 - 13:11:01]: GET - http://localhost:3110/api/testServerApi
[13.04.2024 - 13:11:32]: GET - http://localhost:3110/api/get/cities/25
[13.04.2024 - 13:15:16]: POST - http://localhost:3110/api/login
[13.04.2024 - 13:15:18]: POST - http://localhost:3110/api/checkAdmin
[13.04.2024 - 13:15:18]: POST - http://localhost:3110/api/getUserInfo
[13.04.2024 - 13:15:18]: POST - http://localhost:3110/api/checkAdmin
[13.04.2024 - 13:15:18]: POST - http://localhost:3110/api/getUserInfo
[13.04.2024 - 13:15:18]: GET - http://localhost:3110/api/testServerApi
[13.04.2024 - 13:15:18]: GET - http://localhost:3110/api/testServerApi
[13.04.2024 - 13:15:20]: GET - http://localhost:3110/api/testServerApi
[13.04.2024 - 13:15:20]: GET - http://localhost:3110/api/testServerApi
[13.04.2024 - 13:17:14]: GET - http://localhost:3110/get
[13.04.2024 - 13:17:14]: GET - http://localhost:3110/favicon.ico
[13.04.2024 - 15:17:31]: GET - http://localhost:3110/get
[13.04.2024 - 15:18:20]: GET - http://localhost:3110/
[Dmitriy] [13.04.2024 - 13:20:26]: GET - http://localhost:3110/api/testServerApi
[Dmitriy] [13.04.2024 - 13:20:26]: GET - http://localhost:3110/api/testServerApi
[Pavuk] [13.04.2024 - 15:22:16]: GET - http://localhost:3110/api/testServerApi
[Pavuk] [13.04.2024 - 15:22:16]: GET - http://localhost:3110/favicon.ico
[Pavuk] [13.04.2024 - 15:22:59]: GET - http://localhost:3110/api/testServerApi
[Pavuk] [13.04.2024 - 15:37:12]: GET - http://localhost:3110/api/testServerApi
[Pavuk] [13.04.2024 - 15:37:12]: GET - http://localhost:3110/api/testServerApi
[Pavuk] [13.04.2024 - 15:37:25]: POST - http://localhost:3110/api/login
[Pavuk] [13.04.2024 - 15:39:09]: POST - http://localhost:3110/api/login
[Dmitriy] [13.04.2024 - 13:43:10]: GET - http://localhost:3110/api/testServerApi
[Dmitriy] [13.04.2024 - 13:43:10]: GET - http://localhost:3110/api/testServerApi
[Dmitriy] [13.04.2024 - 13:46:28]: GET - http://localhost:3110/api/testServerApi
[Dmitriy] [13.04.2024 - 13:46:28]: GET - http://localhost:3110/api/testServerApi
[Pavuk] [13.04.2024 - 15:48:25]: GET - http://localhost:3110/api/testServerApi
[Pavuk] [13.04.2024 - 15:48:26]: GET - http://localhost:3110/api/testServerApi
[Dmitriy] [13.04.2024 - 13:49:28]: GET - http://localhost:3110/api/testServerApi
[Dmitriy] [13.04.2024 - 13:49:28]: GET - http://localhost:3110/api/testServerApi
[Dmitriy] [13.04.2024 - 13:49:54]: GET - http://localhost:3110/api/testServerApi
[Dmitriy] [13.04.2024 - 13:49:54]: GET - http://localhost:3110/api/testServerApi
[Pavuk] [13.04.2024 - 15:50:17]: POST - http://localhost:3110/api/login
[Dmitriy] [13.04.2024 - 13:52:03]: GET - http://localhost:3110/api/testServerApi
[Dmitriy] [13.04.2024 - 13:52:03]: GET - http://localhost:3110/api/testServerApi
[Dmitriy] [13.04.2024 - 13:52:09]: POST - http://localhost:3110/api/login
[Dmitriy] [13.04.2024 - 13:52:11]: POST - http://localhost:3110/api/checkAdmin
[Dmitriy] [13.04.2024 - 13:52:11]: POST - http://localhost:3110/api/getUserInfo
[Dmitriy] [13.04.2024 - 13:52:11]: POST - http://localhost:3110/api/checkAdmin
[Dmitriy] [13.04.2024 - 13:52:11]: POST - http://localhost:3110/api/getUserInfo
[Dmitriy] [13.04.2024 - 13:52:11]: GET - http://localhost:3110/api/testServerApi
[Dmitriy] [13.04.2024 - 13:52:11]: GET - http://localhost:3110/api/testServerApi
[Pavuk] [13.04.2024 - 15:52:23]: POST - http://localhost:3110/api/login
[Pavuk] [13.04.2024 - 15:52:25]: POST - http://localhost:3110/api/checkAdmin
[Pavuk] [13.04.2024 - 15:52:26]: POST - http://localhost:3110/api/getUserInfo
[Pavuk] [13.04.2024 - 15:52:26]: POST - http://localhost:3110/api/checkAdmin
[Pavuk] [13.04.2024 - 15:52:26]: POST - http://localhost:3110/api/getUserInfo
[Pavuk] [13.04.2024 - 15:52:26]: GET - http://localhost:3110/api/testServerApi
[Pavuk] [13.04.2024 - 15:52:26]: GET - http://localhost:3110/api/testServerApi
[Dmitriy] [13.04.2024 - 14:39:52]: GET - http://localhost:3110/api/testServerApi
[Dmitriy] [13.04.2024 - 14:39:52]: GET - http://localhost:3110/api/testServerApi
[Dmitriy] [13.04.2024 - 14:39:55]: GET - http://localhost:3110/api/testServerApi
[Dmitriy] [13.04.2024 - 14:39:55]: GET - http://localhost:3110/api/testServerApi
[Dmitriy] [13.04.2024 - 14:40:20]: GET - http://localhost:3110/api/testServerApi
[Dmitriy] [13.04.2024 - 14:40:20]: GET - http://localhost:3110/api/testServerApi
[Dmitriy] [13.04.2024 - 14:40:22]: GET - http://localhost:3110/api/testServerApi
[Dmitriy] [13.04.2024 - 14:40:22]: GET - http://localhost:3110/api/testServerApi
[Dmitriy] [13.04.2024 - 14:41:44]: POST - http://localhost:3110/api/checkAdmin
[Dmitriy] [13.04.2024 - 14:43:16]: GET - http://localhost:3110/api/testServerApi
[Dmitriy] [13.04.2024 - 14:43:16]: POST - http://localhost:3110/api/getUserInfo
[Dmitriy] [13.04.2024 - 14:43:16]: GET - http://localhost:3110/api/testServerApi
[Dmitriy] [13.04.2024 - 14:43:16]: GET - http://localhost:3110/api/testServerApi
[Dmitriy] [13.04.2024 - 14:43:41]: GET - http://localhost:3110/api/testServerApi
[Dmitriy] [13.04.2024 - 14:43:41]: POST - http://localhost:3110/api/getUserInfo
[Dmitriy] [13.04.2024 - 14:43:41]: GET - http://localhost:3110/api/testServerApi
[Dmitriy] [13.04.2024 - 14:43:41]: GET - http://localhost:3110/api/testServerApi
[Dmitriy] [13.04.2024 - 14:44:03]: POST - http://localhost:3110/api/checkAdmin
[Dmitriy] [13.04.2024 - 14:45:26]: POST - http://localhost:3110/api/checkAdmin
[Dmitriy] [13.04.2024 - 14:46:44]: GET - http://localhost:3110/api/testServerApi
[Dmitriy] [13.04.2024 - 14:47:25]: GET - http://localhost:3110/api/testServerApi
[Dmitriy] [13.04.2024 - 14:47:55]: GET - http://localhost:3110/api/testServerApi
[Dmitriy] [13.04.2024 - 14:47:55]: POST - http://localhost:3110/api/getUserInfo
[Dmitriy] [13.04.2024 - 14:47:55]: GET - http://localhost:3110/api/testServerApi
[Dmitriy] [13.04.2024 - 14:47:55]: GET - http://localhost:3110/api/testServerApi
[Dmitriy] [13.04.2024 - 14:47:57]: GET - http://localhost:3110/api/testServerApi
[Dmitriy] [13.04.2024 - 14:47:57]: POST - http://localhost:3110/api/getUserInfo
[Dmitriy] [13.04.2024 - 14:47:57]: GET - http://localhost:3110/api/testServerApi
[Dmitriy] [13.04.2024 - 14:47:57]: GET - http://localhost:3110/api/testServerApi
[Dmitriy] [13.04.2024 - 14:49:46]: GET - http://localhost:3110/api/testServerApi
[Dmitriy] [13.04.2024 - 14:49:53]: GET - http://localhost:3110/api/testServerApi
[Dmitriy] [13.04.2024 - 14:51:37]: POST - http://localhost:3110/api/getUserInfo
[Dmitriy] [13.04.2024 - 14:51:37]: GET - http://localhost:3110/api/testServerApi
[Dmitriy] [13.04.2024 - 14:51:37]: GET - http://localhost:3110/api/testServerApi
[Dmitriy] [13.04.2024 - 14:51:37]: GET - http://localhost:3110/api/testServerApi
[Dmitriy] [13.04.2024 - 14:52:57]: POST - http://localhost:3110/api/getUserInfo
[Dmitriy] [13.04.2024 - 14:52:57]: GET - http://localhost:3110/api/testServerApi
[Dmitriy] [13.04.2024 - 14:52:57]: GET - http://localhost:3110/api/testServerApi
[Dmitriy] [13.04.2024 - 14:52:57]: GET - http://localhost:3110/api/testServerApi
[Dmitriy] [13.04.2024 - 15:00:04]: GET - http://localhost:3110/api/testServerApi
[Dmitriy] [13.04.2024 - 15:00:04]: GET - http://localhost:3110/api/testServerApi
[Dmitriy] [13.04.2024 - 15:00:04]: GET - http://localhost:3110/api/testServerApi
[Dmitriy] [13.04.2024 - 15:00:04]: POST - http://localhost:3110/api/getUserInfo
[Dmitriy] [13.04.2024 - 15:00:04]: GET - http://localhost:3110/api/testServerApi
[Dmitriy] [13.04.2024 - 15:00:06]: GET - http://localhost:3110/api/testServerApi
[Dmitriy] [13.04.2024 - 15:00:07]: GET - http://localhost:3110/api/testServerApi
[Dmitriy] [13.04.2024 - 15:00:07]: GET - http://localhost:3110/api/testServerApi
[Dmitriy] [13.04.2024 - 15:00:07]: GET - http://localhost:3110/api/testServerApi
[Dmitriy] [13.04.2024 - 15:01:44]: POST - http://localhost:3110/api/login
[Dmitriy] [13.04.2024 - 15:01:46]: POST - http://localhost:3110/api/checkAdmin
[Dmitriy] [13.04.2024 - 15:01:46]: POST - http://localhost:3110/api/getUserInfo
[Dmitriy] [13.04.2024 - 15:01:46]: POST - http://localhost:3110/api/checkAdmin
[Dmitriy] [13.04.2024 - 15:01:46]: GET - http://localhost:3110/api/testServerApi
[Dmitriy] [13.04.2024 - 15:01:46]: GET - http://localhost:3110/api/testServerApi
[Dmitriy] [13.04.2024 - 15:01:46]: POST - http://localhost:3110/api/getUserInfo
[Dmitriy] [13.04.2024 - 15:02:37]: GET - http://localhost:3110/api/testServerApi
[Dmitriy] [13.04.2024 - 15:02:37]: POST - http://localhost:3110/api/getUserInfo
[Dmitriy] [13.04.2024 - 15:02:37]: POST - http://localhost:3110/api/getUserInfo
[Dmitriy] [13.04.2024 - 15:03:15]: POST - http://localhost:3110/api/checkAdmin
[Dmitriy] [13.04.2024 - 15:03:15]: POST - http://localhost:3110/api/getUserInfo
[Dmitriy] [13.04.2024 - 15:03:15]: POST - http://localhost:3110/api/checkAdmin
[Dmitriy] [13.04.2024 - 15:03:15]: POST - http://localhost:3110/api/getUserInfo
[Dmitriy] [13.04.2024 - 15:03:15]: GET - http://localhost:3110/api/testServerApi
[Dmitriy] [13.04.2024 - 15:03:15]: GET - http://localhost:3110/api/testServerApi
[Dmitriy] [13.04.2024 - 15:03:23]: GET - http://localhost:3110/api/testServerApi
[Dmitriy] [13.04.2024 - 15:03:23]: GET - http://localhost:3110/api/testServerApi
[Dmitriy] [13.04.2024 - 15:03:25]: POST - http://localhost:3110/api/login
[Dmitriy] [13.04.2024 - 15:03:26]: POST - http://localhost:3110/api/checkAdmin
[Dmitriy] [13.04.2024 - 15:03:26]: POST - http://localhost:3110/api/getUserInfo
[Dmitriy] [13.04.2024 - 15:03:26]: POST - http://localhost:3110/api/checkAdmin
[Dmitriy] [13.04.2024 - 15:03:26]: POST - http://localhost:3110/api/getUserInfo
[Dmitriy] [13.04.2024 - 15:03:26]: GET - http://localhost:3110/api/testServerApi
[Dmitriy] [13.04.2024 - 15:03:26]: GET - http://localhost:3110/api/testServerApi
[Dmitriy] [13.04.2024 - 15:03:28]: POST - http://localhost:3110/api/checkAdmin
[Dmitriy] [13.04.2024 - 15:03:28]: POST - http://localhost:3110/api/dataExpEmployee
[Dmitriy] [13.04.2024 - 15:03:28]: POST - http://localhost:3110/api/checkAdmin
[Dmitriy] [13.04.2024 - 15:03:28]: POST - http://localhost:3110/api/dataExpEmployee
[Dmitriy] [13.04.2024 - 15:03:31]: POST - http://localhost:3110/api/checkAdmin
[Dmitriy] [13.04.2024 - 15:03:31]: POST - http://localhost:3110/api/checkAdmin
[Dmitriy] [13.04.2024 - 15:03:31]: POST - http://localhost:3110/api/checkAdmin
[Dmitriy] [13.04.2024 - 15:03:31]: POST - http://localhost:3110/api/checkAdmin
[Dmitriy] [13.04.2024 - 15:03:32]: POST - http://localhost:3110/api/checkAdmin
[Dmitriy] [13.04.2024 - 15:03:32]: POST - http://localhost:3110/api/checkAdmin
[Dmitriy] [13.04.2024 - 15:03:33]: POST - http://localhost:3110/api/checkAdmin
[Dmitriy] [13.04.2024 - 15:03:33]: POST - http://localhost:3110/api/dataInvalids
[Dmitriy] [13.04.2024 - 15:03:33]: POST - http://localhost:3110/api/checkAdmin
[Dmitriy] [13.04.2024 - 15:03:33]: POST - http://localhost:3110/api/dataInvalids
[Dmitriy] [13.04.2024 - 15:03:34]: POST - http://localhost:3110/api/checkAdmin
[Dmitriy] [13.04.2024 - 15:03:34]: POST - http://localhost:3110/api/checkAdmin
[Dmitriy] [13.04.2024 - 15:03:35]: POST - http://localhost:3110/api/checkAdmin
[Dmitriy] [13.04.2024 - 15:03:35]: POST - http://localhost:3110/api/contingent
[Dmitriy] [13.04.2024 - 15:03:35]: POST - http://localhost:3110/api/checkAdmin
[Dmitriy] [13.04.2024 - 15:03:35]: POST - http://localhost:3110/api/contingent
[Dmitriy] [13.04.2024 - 15:03:37]: POST - http://localhost:3110/api/checkAdmin
[Dmitriy] [13.04.2024 - 15:03:37]: POST - http://localhost:3110/api/checkAdmin
[Dmitriy] [13.04.2024 - 15:03:40]: POST - http://localhost:3110/api/checkAdmin
[Dmitriy] [13.04.2024 - 15:03:40]: POST - http://localhost:3110/api/getUserInfo
[Dmitriy] [13.04.2024 - 15:03:40]: POST - http://localhost:3110/api/checkAdmin
[Dmitriy] [13.04.2024 - 15:03:40]: POST - http://localhost:3110/api/getUserInfo
[Dmitriy] [13.04.2024 - 15:03:40]: GET - http://localhost:3110/api/testServerApi
[Dmitriy] [13.04.2024 - 15:03:40]: GET - http://localhost:3110/api/testServerApi
[Dmitriy] [13.04.2024 - 15:04:38]: GET - http://localhost:3110/api/testServerApi
[Dmitriy] [13.04.2024 - 15:04:38]: GET - http://localhost:3110/api/testServerApi
[Dmitriy] [13.04.2024 - 15:04:39]: GET - http://localhost:3110/api/testServerApi
[Dmitriy] [13.04.2024 - 15:04:39]: GET - http://localhost:3110/api/testServerApi
[Dmitriy] [13.04.2024 - 15:04:41]: GET - http://localhost:3110/favicon.ico
[Dmitriy] [13.04.2024 - 15:04:42]: POST - http://localhost:3110/api/checkAdmin
[Dmitriy] [13.04.2024 - 15:04:42]: POST - http://localhost:3110/api/getUserInfo
[Dmitriy] [13.04.2024 - 15:04:42]: POST - http://localhost:3110/api/checkAdmin
[Dmitriy] [13.04.2024 - 15:04:42]: GET - http://localhost:3110/api/testServerApi
[Dmitriy] [13.04.2024 - 15:04:42]: POST - http://localhost:3110/api/getUserInfo
[Dmitriy] [13.04.2024 - 15:04:42]: GET - http://localhost:3110/api/testServerApi
[Dmitriy] [13.04.2024 - 15:04:46]: POST - http://localhost:3110/api/checkAdmin
[Dmitriy] [13.04.2024 - 15:04:46]: POST - http://localhost:3110/api/checkAdmin
[Dmitriy] [13.04.2024 - 15:04:47]: POST - http://localhost:3110/api/checkAdmin
[Dmitriy] [13.04.2024 - 15:04:47]: POST - http://localhost:3110/api/getUserInfo
[Dmitriy] [13.04.2024 - 15:04:47]: POST - http://localhost:3110/api/checkAdmin
[Dmitriy] [13.04.2024 - 15:04:47]: POST - http://localhost:3110/api/getUserInfo
[Dmitriy] [13.04.2024 - 15:04:47]: GET - http://localhost:3110/api/testServerApi
[Dmitriy] [13.04.2024 - 15:04:47]: GET - http://localhost:3110/api/testServerApi
[Dmitriy] [13.04.2024 - 15:07:50]: POST - http://localhost:3110/api/checkAdmin
[Dmitriy] [13.04.2024 - 15:07:50]: POST - http://localhost:3110/api/dataExpEmployee
[Dmitriy] [13.04.2024 - 15:07:50]: POST - http://localhost:3110/api/checkAdmin
[Dmitriy] [13.04.2024 - 15:07:50]: POST - http://localhost:3110/api/dataExpEmployee
[Dmitriy] [13.04.2024 - 15:08:26]: POST - http://localhost:3110/api/checkAdmin
[Dmitriy] [13.04.2024 - 15:08:26]: POST - http://localhost:3110/api/dataExpEmployee
[Dmitriy] [13.04.2024 - 15:08:26]: POST - http://localhost:3110/api/getUserInfo
[Dmitriy] [13.04.2024 - 15:08:26]: POST - http://localhost:3110/api/checkAdmin
[Dmitriy] [13.04.2024 - 15:08:26]: POST - http://localhost:3110/api/dataExpEmployee
[Dmitriy] [13.04.2024 - 15:08:26]: POST - http://localhost:3110/api/getUserInfo
[Dmitriy] [13.04.2024 - 15:08:26]: GET - http://localhost:3110/api/testServerApi
[Dmitriy] [13.04.2024 - 15:08:26]: GET - http://localhost:3110/api/testServerApi
[Dmitriy] [13.04.2024 - 15:13:25]: GET - http://localhost:3110/api/testServerApi
[Dmitriy] [13.04.2024 - 15:13:26]: GET - http://localhost:3110/api/testServerApi
[Dmitriy] [13.04.2024 - 15:13:28]: GET - http://localhost:3110/api/testServerApi
[Dmitriy] [13.04.2024 - 15:13:28]: GET - http://localhost:3110/api/testServerApi
[Dmitriy] [13.04.2024 - 15:14:02]: GET - http://localhost:3110/api/testServerApi
[Dmitriy] [13.04.2024 - 15:14:02]: GET - http://localhost:3110/api/testServerApi
[Dmitriy] [13.04.2024 - 15:14:50]: GET - http://localhost:3110/api/testServerApi
[Dmitriy] [13.04.2024 - 15:16:09]: GET - http://localhost:3110/api/testServerApi
[Dmitriy] [13.04.2024 - 15:18:50]: GET - http://26.124.175.93:3110/api/testServerApi
[Dmitriy] [13.04.2024 - 15:19:05]: GET - http://localhost:3110/api/testServerApi
[Dmitriy] [13.04.2024 - 15:19:05]: GET - http://localhost:3110/api/testServerApi
[Dmitriy] [13.04.2024 - 15:19:06]: GET - http://localhost:3110/api/testServerApi
[Dmitriy] [13.04.2024 - 15:19:06]: GET - http://localhost:3110/api/testServerApi
[Dmitriy] [13.04.2024 - 15:19:07]: POST - http://localhost:3110/api/login
[Dmitriy] [13.04.2024 - 15:19:09]: POST - http://localhost:3110/api/checkAdmin
[Dmitriy] [13.04.2024 - 15:19:09]: POST - http://localhost:3110/api/getUserInfo
[Dmitriy] [13.04.2024 - 15:19:09]: POST - http://localhost:3110/api/checkAdmin
[Dmitriy] [13.04.2024 - 15:19:09]: POST - http://localhost:3110/api/getUserInfo
[Dmitriy] [13.04.2024 - 15:19:09]: GET - http://localhost:3110/api/testServerApi
[Dmitriy] [13.04.2024 - 15:19:09]: GET - http://localhost:3110/api/testServerApi
[Dmitriy] [13.04.2024 - 15:19:15]: POST - http://localhost:3110/api/checkAdmin
[Dmitriy] [13.04.2024 - 15:19:15]: POST - http://localhost:3110/api/getUserInfo
[Dmitriy] [13.04.2024 - 15:19:15]: POST - http://localhost:3110/api/checkAdmin
[Dmitriy] [13.04.2024 - 15:19:15]: POST - http://localhost:3110/api/getUserInfo
[Dmitriy] [13.04.2024 - 15:19:15]: GET - http://localhost:3110/api/testServerApi
[Dmitriy] [13.04.2024 - 15:19:15]: GET - http://localhost:3110/api/testServerApi
[Dmitriy] [13.04.2024 - 15:19:15]: POST - http://localhost:3110/api/checkAdmin
[Dmitriy] [13.04.2024 - 15:19:15]: POST - http://localhost:3110/api/checkAdmin
[Dmitriy] [13.04.2024 - 15:19:17]: POST - http://localhost:3110/api/checkAdmin
[Dmitriy] [13.04.2024 - 15:19:17]: POST - http://localhost:3110/api/getUserInfo
[Dmitriy] [13.04.2024 - 15:19:17]: POST - http://localhost:3110/api/checkAdmin
[Dmitriy] [13.04.2024 - 15:19:17]: POST - http://localhost:3110/api/getUserInfo
[Dmitriy] [13.04.2024 - 15:19:17]: GET - http://localhost:3110/api/testServerApi
[Dmitriy] [13.04.2024 - 15:19:17]: GET - http://localhost:3110/api/testServerApi
[Dmitriy] [13.04.2024 - 15:19:19]: POST - http://localhost:3110/api/checkAdmin
[Dmitriy] [13.04.2024 - 15:19:19]: POST - http://localhost:3110/api/checkAdmin
[Dmitriy] [13.04.2024 - 15:19:21]: POST - http://localhost:3110/api/checkAdmin
[Dmitriy] [13.04.2024 - 15:19:21]: POST - http://localhost:3110/api/checkAdmin
[Dmitriy] [13.04.2024 - 15:19:22]: POST - http://localhost:3110/api/checkAdmin
[Dmitriy] [13.04.2024 - 15:19:22]: POST - http://localhost:3110/api/dataExpEmployee
[Dmitriy] [13.04.2024 - 15:19:22]: POST - http://localhost:3110/api/checkAdmin
[Dmitriy] [13.04.2024 - 15:19:22]: POST - http://localhost:3110/api/dataExpEmployee
[Dmitriy] [13.04.2024 - 15:19:23]: POST - http://localhost:3110/api/checkAdmin
[Dmitriy] [13.04.2024 - 15:19:23]: POST - http://localhost:3110/api/checkAdmin
[Dmitriy] [13.04.2024 - 15:23:20]: POST - http://localhost:3110/api/checkAdmin
[Dmitriy] [13.04.2024 - 15:23:20]: POST - http://localhost:3110/api/getUserInfo
[Dmitriy] [13.04.2024 - 15:23:20]: GET - http://localhost:3110/api/testServerApi
[Dmitriy] [13.04.2024 - 15:23:20]: POST - http://localhost:3110/api/checkAdmin
[Dmitriy] [13.04.2024 - 15:23:20]: POST - http://localhost:3110/api/getUserInfo
[Dmitriy] [13.04.2024 - 15:23:20]: GET - http://localhost:3110/api/testServerApi
[Dmitriy] [13.04.2024 - 15:23:20]: POST - http://localhost:3110/api/checkAdmin
[Dmitriy] [13.04.2024 - 15:23:20]: POST - http://localhost:3110/api/getUserInfo
[Dmitriy] [13.04.2024 - 15:23:20]: POST - http://localhost:3110/api/checkAdmin
[Dmitriy] [13.04.2024 - 15:23:20]: POST - http://localhost:3110/api/getUserInfo
[Dmitriy] [13.04.2024 - 15:23:20]: GET - http://localhost:3110/api/testServerApi
[Dmitriy] [13.04.2024 - 15:23:20]: GET - http://localhost:3110/api/testServerApi
[Dmitriy] [13.04.2024 - 15:23:21]: POST - http://localhost:3110/api/checkAdmin
[Dmitriy] [13.04.2024 - 15:23:21]: POST - http://localhost:3110/api/getUserInfo
[Dmitriy] [13.04.2024 - 15:23:21]: GET - http://localhost:3110/api/testServerApi
[Dmitriy] [13.04.2024 - 15:23:21]: POST - http://localhost:3110/api/checkAdmin
[Dmitriy] [13.04.2024 - 15:23:21]: POST - http://localhost:3110/api/getUserInfo
[Dmitriy] [13.04.2024 - 15:23:21]: GET - http://localhost:3110/api/testServerApi
[Dmitriy] [13.04.2024 - 15:23:25]: POST - http://localhost:3110/api/checkAdmin
[Dmitriy] [13.04.2024 - 15:23:25]: POST - http://localhost:3110/api/getUserInfo
[Dmitriy] [13.04.2024 - 15:23:25]: POST - http://localhost:3110/api/checkAdmin
[Dmitriy] [13.04.2024 - 15:23:25]: GET - http://localhost:3110/api/testServerApi
[Dmitriy] [13.04.2024 - 15:23:25]: POST - http://localhost:3110/api/getUserInfo
[Dmitriy] [13.04.2024 - 15:23:25]: GET - http://localhost:3110/api/testServerApi
[Pavuk] [13.04.2024 - 17:24:21]: POST - http://localhost:3110/api/checkAdmin
[Pavuk] [13.04.2024 - 17:24:21]: POST - http://localhost:3110/api/getUserInfo
[Pavuk] [13.04.2024 - 17:24:21]: POST - http://localhost:3110/api/checkAdmin
[Pavuk] [13.04.2024 - 17:24:21]: POST - http://localhost:3110/api/getUserInfo
[Pavuk] [13.04.2024 - 17:24:21]: GET - http://localhost:3110/api/testServerApi
[Pavuk] [13.04.2024 - 17:24:22]: GET - http://localhost:3110/api/testServerApi
[Dmitriy] [13.04.2024 - 15:32:55]: POST - http://localhost:3110/api/checkAdmin
[Dmitriy] [13.04.2024 - 15:32:55]: POST - http://localhost:3110/api/getUserInfo
[Dmitriy] [13.04.2024 - 15:32:55]: POST - http://localhost:3110/api/checkAdmin
[Dmitriy] [13.04.2024 - 15:32:55]: POST - http://localhost:3110/api/getUserInfo
[Dmitriy] [13.04.2024 - 15:32:55]: GET - http://localhost:3110/api/testServerApi
[Dmitriy] [13.04.2024 - 15:32:55]: GET - http://localhost:3110/api/testServerApi
[Dmitriy] [13.04.2024 - 15:32:56]: POST - http://localhost:3110/api/checkAdmin
[Dmitriy] [13.04.2024 - 15:32:56]: POST - http://localhost:3110/api/checkAdmin
[Dmitriy] [13.04.2024 - 15:32:57]: POST - http://localhost:3110/api/checkAdmin
[Dmitriy] [13.04.2024 - 15:32:57]: POST - http://localhost:3110/api/checkAdmin
[Dmitriy] [13.04.2024 - 15:33:01]: POST - http://localhost:3110/api/checkAdmin
[Dmitriy] [13.04.2024 - 15:33:01]: POST - http://localhost:3110/api/checkAdmin
[Dmitriy] [13.04.2024 - 15:33:02]: POST - http://localhost:3110/api/checkAdmin
[Dmitriy] [13.04.2024 - 15:33:02]: POST - http://localhost:3110/api/dataExpEmployee
[Dmitriy] [13.04.2024 - 15:33:02]: POST - http://localhost:3110/api/checkAdmin
[Dmitriy] [13.04.2024 - 15:33:02]: POST - http://localhost:3110/api/dataExpEmployee
[Dmitriy] [13.04.2024 - 15:33:08]: POST - http://localhost:3110/api/checkAdmin
[Dmitriy] [13.04.2024 - 15:33:08]: POST - http://localhost:3110/api/getUserInfo
[Dmitriy] [13.04.2024 - 15:33:08]: POST - http://localhost:3110/api/checkAdmin
[Dmitriy] [13.04.2024 - 15:33:08]: GET - http://localhost:3110/api/testServerApi
[Dmitriy] [13.04.2024 - 15:33:08]: POST - http://localhost:3110/api/getUserInfo
[Dmitriy] [13.04.2024 - 15:33:08]: GET - http://localhost:3110/api/testServerApi
[Dmitriy] [13.04.2024 - 15:33:49]: POST - http://localhost:3110/api/checkAdmin
[Dmitriy] [13.04.2024 - 15:33:49]: POST - http://localhost:3110/api/checkAdmin
[Dmitriy] [13.04.2024 - 15:33:50]: POST - http://localhost:3110/api/checkAdmin
[Dmitriy] [13.04.2024 - 15:33:50]: POST - http://localhost:3110/api/checkAdmin
[Dmitriy] [13.04.2024 - 15:34:54]: POST - http://localhost:3110/api/checkAdmin
[Dmitriy] [13.04.2024 - 15:34:54]: POST - http://localhost:3110/api/checkAdmin
[Dmitriy] [01.05.2024 - 01:11:58]: GET - http://localhost:3110/api/testServerApi
[Dmitriy] [01.05.2024 - 01:11:58]: GET - http://localhost:3110/api/testServerApi
[Dmitriy] [01.05.2024 - 01:12:01]: POST - http://localhost:3110/api/login
[Dmitriy] [01.05.2024 - 01:12:02]: POST - http://localhost:3110/api/checkAdmin
[Dmitriy] [01.05.2024 - 01:12:02]: POST - http://localhost:3110/api/getUserInfo
[Dmitriy] [01.05.2024 - 01:12:02]: POST - http://localhost:3110/api/checkAdmin
[Dmitriy] [01.05.2024 - 01:12:02]: POST - http://localhost:3110/api/getUserInfo
[Dmitriy] [01.05.2024 - 01:12:02]: GET - http://localhost:3110/api/testServerApi
[Dmitriy] [01.05.2024 - 01:12:02]: GET - http://localhost:3110/api/testServerApi
[Dmitriy] [01.05.2024 - 01:12:27]: GET - http://localhost:3110/api/testServerApi
[Dmitriy] [01.05.2024 - 01:12:27]: GET - http://localhost:3110/api/testServerApi
[Dmitriy] [01.05.2024 - 01:22:58]: POST - http://localhost:3110/api/login
[Dmitriy] [01.05.2024 - 01:23:01]: POST - http://localhost:3110/api/checkAdmin
[Dmitriy] [01.05.2024 - 01:23:01]: POST - http://localhost:3110/api/getUserInfo
[Dmitriy] [01.05.2024 - 01:23:01]: POST - http://localhost:3110/api/checkAdmin
[Dmitriy] [01.05.2024 - 01:23:01]: POST - http://localhost:3110/api/getUserInfo
[Dmitriy] [01.05.2024 - 01:23:01]: GET - http://localhost:3110/api/testServerApi
[Dmitriy] [01.05.2024 - 01:23:01]: GET - http://localhost:3110/api/testServerApi
[Dmitriy] [01.05.2024 - 01:23:06]: POST - http://localhost:3110/api/checkAdmin
[Dmitriy] [01.05.2024 - 01:23:06]: POST - http://localhost:3110/api/checkAdmin
[Dmitriy] [01.05.2024 - 01:23:07]: POST - http://localhost:3110/api/checkAdmin
[Dmitriy] [01.05.2024 - 01:23:07]: POST - http://localhost:3110/api/checkAdmin
[Dmitriy] [01.05.2024 - 01:23:10]: POST - http://localhost:3110/api/checkAdmin
[Dmitriy] [01.05.2024 - 01:23:10]: POST - http://localhost:3110/api/contingent
[Dmitriy] [01.05.2024 - 01:23:10]: POST - http://localhost:3110/api/checkAdmin
[Dmitriy] [01.05.2024 - 01:23:10]: POST - http://localhost:3110/api/contingent
[Dmitriy] [01.05.2024 - 01:23:12]: POST - http://localhost:3110/api/checkAdmin
[Dmitriy] [01.05.2024 - 01:23:12]: POST - http://localhost:3110/api/checkAdmin
